[33mÔØ»[39m Building...
[32mÔ£ö[39m Building...
Application bundle generation failed. [8.272 seconds] - 2026-03-10T01:33:37.703Z

node.exe : [1m[31m[31mX 
[41;31m[[41;97mERROR[41;31m][0m [1mTS2339: 
Property 'ventasHoy' does not exist on type 
'DashboardData'.[0m [1m[35m[plugin 
angular-compiler][0m
En C:\Users\Angelo\AppData\Roaming\npm\ng.ps1: 
24 Carácter: 5
+     & "node$exe"  
"$basedir/node_modules/@angular/cli/bin/ng.js" 
$arg ...
+     ~~~~~~~~~~~~~~~~~~~~~~~~~~~~~~~~~~~~~~~~~~~
~~~~~~~~~~~~~~~~~~~~~~
    + CategoryInfo          : NotSpecified: ([1 
   m[31m[31mX...r-compiler][0m:String) [], R  
  emoteException
    + FullyQualifiedErrorId : NativeCommandError
 

    src/app/features/admin/reportes/reporte-dashb
oard/reporte-dashboard.html:43:48:
[37m      43 Ôöé ...="kc-val">S/ {{ 
resumen()?.[32mventasHoy[37m?.toFixed(2) || 
'0.00' }}</...
         ÔòÁ                               
[32m~~~~~~~~~[0m

  Error occurs in the template of component 
AdminReporteDashboard.

    src/app/features/admin/reportes/reporte-dashb
oard/reporte-dashboard.ts:11:15:
[37m      11 Ôöé   templateUrl: 
[32m'./reporte-dashboard.html'[37m,
         ÔòÁ                
[32m~~~~~~~~~~~~~~~~~~~~~~~~~~[0m


[31mX [41;31m[[41;97mERROR[41;31m][0m 
[1mTS2551: Property 'totalUsuariosActivos' does 
not exist on type 'DashboardData'. Did you mean 
'usuariosActivos'?[0m [1m[35m[plugin 
angular-compiler][0m

    src/app/features/admin/reportes/reporte-dashb
oard/reporte-dashboard.html:57:45:
[37m      57 Ôöé ...n class="kc-val">{{ 
resumen()?.[32mtotalUsuariosActivos[37m || 0 
}}</span>
         ÔòÁ                                   
[32m~~~~~~~~~~~~~~~~~~~~[0m

  Error occurs in the template of component 
AdminReporteDashboard.

    src/app/features/admin/reportes/reporte-dashb
oard/reporte-dashboard.ts:11:15:
[37m      11 Ôöé   templateUrl: 
[32m'./reporte-dashboard.html'[37m,
         ÔòÁ                
[32m~~~~~~~~~~~~~~~~~~~~~~~~~~[0m

[39m[22m
